# Log baru dibuat: 2026-01-05 00:39:25
[05-Jan-2026 00:44:44 Europe/Berlin] LOGIN SUCCESS - User: admin@ppks.com (ID: 5) from IP: ::1
[05-Jan-2026 00:45:35 Europe/Berlin] LOGIN SUCCESS - User: admin@ppks.com (ID: 5) from IP: ::1
[05-Jan-2026 00:46:24 Europe/Berlin] BLOG UPDATED - ID: 7, Admin: admin@ppks.com, Old: Kesehatan Mental di Era Modern, New: Kesehatan Mental di Era Modern
[05-Jan-2026 00:54:28 Europe/Berlin] LOGOUT - User: admin@ppks.com, IP: ::1
[05-Jan-2026 00:57:43 Europe/Berlin] LOGIN SUCCESS - User: admin@ppks.com (ID: 5) from IP: ::1
[05-Jan-2026 01:00:54 Europe/Berlin] LOGOUT - User: admin@ppks.com, IP: ::1
[05-Jan-2026 01:01:34 Europe/Berlin] LOGIN SUCCESS - User: admin@ppks.com (ID: 5) from IP: ::1
[05-Jan-2026 01:32:11 Europe/Berlin] Search Request - Type: KODE, Query: GNNJ34
[05-Jan-2026 01:32:11 Europe/Berlin] Not found - kode: GNNJ34
[05-Jan-2026 01:32:15 Europe/Berlin] Search Request - Type: KODE, Query: GNJ34
[05-Jan-2026 01:32:15 Europe/Berlin] Found - kode: GNJ34, Kode: GNJ34
[05-Jan-2026 13:55:55 Asia/Jakarta] === CHAT REQUEST START ===
[05-Jan-2026 13:55:55 Asia/Jakarta] User message: hallo
[05-Jan-2026 13:55:55 Asia/Jakarta] Created DB session: 18
[05-Jan-2026 13:55:55 Asia/Jakarta] Current phase: curhat
[05-Jan-2026 13:55:55 Asia/Jakarta] Generating bot response for phase: curhat
[05-Jan-2026 13:55:56 Asia/Jakarta] Bot response OK: 139 chars
[05-Jan-2026 13:55:56 Asia/Jakarta] === CHAT REQUEST SUCCESS (1.19s) ===
[05-Jan-2026 13:55:59 Asia/Jakarta] === CHAT REQUEST START ===
[05-Jan-2026 13:55:59 Asia/Jakarta] === CHAT REQUEST START ===
[05-Jan-2026 13:56:18 Asia/Jakarta] === CHAT REQUEST START ===
[05-Jan-2026 13:56:18 Asia/Jakarta] === CHAT REQUEST START ===
[05-Jan-2026 13:56:25 Asia/Jakarta] === CHAT REQUEST START ===
[05-Jan-2026 13:56:25 Asia/Jakarta] === CHAT REQUEST START ===
[05-Jan-2026 14:36:01 Asia/Jakarta] === CHAT REQUEST START ===
[05-Jan-2026 14:36:01 Asia/Jakarta] === CHAT REQUEST START ===
[05-Jan-2026 14:38:54 Asia/Jakarta] === CHAT REQUEST START ===
[05-Jan-2026 14:38:54 Asia/Jakarta] === CHAT REQUEST START ===
[05-Jan-2026 11:51:34 Europe/Berlin] LOGIN SUCCESS - User: admin@ppks.com (ID: 5) from IP: ::1
[05-Jan-2026 11:52:19 Europe/Berlin] LOGIN SUCCESS - User: admin@ppks.com (ID: 5) from IP: ::1
[06-Jan-2026 07:56:46 Europe/Berlin] LOGIN SUCCESS - User: admin@ppks.com (ID: 5) from IP: ::1
[06-Jan-2026 07:58:23 Europe/Berlin] CASE ACCESSED - ID: 23, Kode: PPKPT589448140, Admin: admin@ppks.com
[06-Jan-2026 08:02:03 Europe/Berlin] BLOG CREATED - ID: 8, Admin: admin@ppks.com, Judul: asdadasdasdasd
[06-Jan-2026 14:05:17 Asia/Jakarta] === CHAT REQUEST START ===
[06-Jan-2026 14:05:17 Asia/Jakarta] === CHAT REQUEST START ===
[06-Jan-2026 08:06:42 Europe/Berlin] LOGIN SUCCESS - User: admin@ppks.com (ID: 5) from IP: ::1
[06-Jan-2026 08:19:45 Europe/Berlin] CASE ACCESSED - ID: 23, Kode: PPKPT589448140, Admin: admin@ppks.com
[06-Jan-2026 14:26:49 Asia/Jakarta] === CHAT REQUEST START ===
[06-Jan-2026 14:26:49 Asia/Jakarta] === CHAT REQUEST START ===
[06-Jan-2026 14:40:32 Asia/Jakarta] === CHAT REQUEST START ===
[06-Jan-2026 14:40:32 Asia/Jakarta] === CHAT REQUEST START ===
[06-Jan-2026 14:40:47 Asia/Jakarta] === CHAT REQUEST START ===
[06-Jan-2026 14:40:47 Asia/Jakarta] User message: HALLO
[06-Jan-2026 14:40:47 Asia/Jakarta] Created DB session: 19
[06-Jan-2026 14:40:47 Asia/Jakarta] Current phase: curhat
[06-Jan-2026 14:40:47 Asia/Jakarta] Generating bot response for phase: curhat
[06-Jan-2026 14:40:48 Asia/Jakarta] Bot response OK: 136 chars
[06-Jan-2026 14:40:48 Asia/Jakarta] === CHAT REQUEST SUCCESS (1.26s) ===
[06-Jan-2026 14:41:08 Asia/Jakarta] === CHAT REQUEST START ===
[06-Jan-2026 14:41:08 Asia/Jakarta] User message: saya mau bercerita tapi saya malu
[06-Jan-2026 14:41:08 Asia/Jakarta] Current phase: curhat
[06-Jan-2026 14:41:08 Asia/Jakarta] Generating bot response for phase: curhat
[06-Jan-2026 14:41:09 Asia/Jakarta] Bot response OK: 196 chars
[06-Jan-2026 14:41:09 Asia/Jakarta] === CHAT REQUEST SUCCESS (1.44s) ===
[06-Jan-2026 14:41:28 Asia/Jakarta] === CHAT REQUEST START ===
[06-Jan-2026 14:41:28 Asia/Jakarta] User message: kemarin saya di lecehkan di kelas oleh mahasiswa tidak dikenal. saya bingung mau kemana
[06-Jan-2026 14:41:28 Asia/Jakarta] Current phase: curhat
[06-Jan-2026 14:41:28 Asia/Jakarta] Generating bot response for phase: curhat
[06-Jan-2026 14:41:30 Asia/Jakarta] Bot response OK: 265 chars
[06-Jan-2026 14:41:30 Asia/Jakarta] === CHAT REQUEST SUCCESS (1.69s) ===
[06-Jan-2026 14:41:39 Asia/Jakarta] === CHAT REQUEST START ===
[06-Jan-2026 14:41:39 Asia/Jakarta] User message: saya mau lapor
[06-Jan-2026 14:41:39 Asia/Jakarta] Current phase: consent
[06-Jan-2026 14:41:39 Asia/Jakarta] Asking for consent
[06-Jan-2026 14:41:39 Asia/Jakarta] Consent detection: yes
[06-Jan-2026 14:41:39 Asia/Jakarta] Consent given - entering report phase
[06-Jan-2026 14:41:42 Asia/Jakarta] Updated labels: {"pelaku_kekerasan":"mahasiswa tidak dikenal","waktu_kejadian":"2026-01-05","lokasi_kejadian":"kelas","tingkat_kekhawatiran":"khawatir","detail_kejadian":"dilecehkan","gender_korban":null,"usia_korban":null,"korban_sebagai":null,"email_korban":null,"whatsapp_korban":null}
[06-Jan-2026 14:41:42 Asia/Jakarta] Generating bot response for phase: report
[06-Jan-2026 14:41:43 Asia/Jakarta] Bot response OK: 226 chars
[06-Jan-2026 14:41:43 Asia/Jakarta] === CHAT REQUEST SUCCESS (3.66s) ===
[06-Jan-2026 14:42:04 Asia/Jakarta] === CHAT REQUEST START ===
[06-Jan-2026 14:42:04 Asia/Jakarta] User message: dikampus dan ini nomor wa say 9123219831232
[06-Jan-2026 14:42:04 Asia/Jakarta] Current phase: curhat
[06-Jan-2026 14:42:05 Asia/Jakarta] Updated labels: {"pelaku_kekerasan":"mahasiswa tidak dikenal","waktu_kejadian":"2026-01-05","lokasi_kejadian":"kampus","tingkat_kekhawatiran":"khawatir","detail_kejadian":"dilecehkan di kelas","gender_korban":null,"usia_korban":null,"korban_sebagai":null,"email_korban":null,"whatsapp_korban":"9123219831232"}
[06-Jan-2026 14:42:05 Asia/Jakarta] Creating report...
[06-Jan-2026 14:42:05 Asia/Jakarta] Report created: PPKPT260106157
[06-Jan-2026 14:42:44 Asia/Jakarta] === CHAT REQUEST START ===
[06-Jan-2026 14:42:44 Asia/Jakarta] === CHAT REQUEST START ===
[06-Jan-2026 08:48:18 Europe/Berlin] File uploaded successfully: bukti_695cbe4283caa_1767685698.png
[06-Jan-2026 08:50:19 Europe/Berlin] Search Request - Type: KODE, Query: PPKPT260106157
[06-Jan-2026 08:50:19 Europe/Berlin] Found - kode: PPKPT260106157, Kode: PPKPT260106157
[06-Jan-2026 08:50:59 Europe/Berlin] LOGIN SUCCESS - User: admin@ppks.com (ID: 5) from IP: ::1
[06-Jan-2026 08:51:09 Europe/Berlin] CASE ACCESSED - ID: 25, Kode: PPKPT685698067, Admin: admin@ppks.com
[06-Jan-2026 08:51:50 Europe/Berlin] CASE ACCESSED - ID: 25, Kode: PPKPT685698067, Admin: admin@ppks.com
[06-Jan-2026 08:52:10 Europe/Berlin] CASE UPDATED - ID: 25, Kode: PPKPT685698067, Old Status: Process, New Status: Completed, Admin: admin@ppks.com
[06-Jan-2026 08:54:16 Europe/Berlin] BLOG CREATED - ID: 9, Admin: admin@ppks.com, Judul: Mengapa Penting dan Bagaimana Menjaganya?
[13-Jan-2026 03:32:01 Europe/Berlin] Search Request - Type: KODE, Query: GNJ34
[13-Jan-2026 03:32:01 Europe/Berlin] Found - kode: GNJ34, Kode: GNJ34
[13-Jan-2026 09:53:24 Asia/Jakarta] === CHAT REQUEST START ===
[13-Jan-2026 09:53:24 Asia/Jakarta] === CHAT REQUEST START ===
[13-Jan-2026 09:54:59 Asia/Jakarta] === CHAT REQUEST START ===
[13-Jan-2026 09:54:59 Asia/Jakarta] User message: hallo
[13-Jan-2026 09:54:59 Asia/Jakarta] Created DB session: 20
[13-Jan-2026 09:54:59 Asia/Jakarta] Current phase: curhat
[13-Jan-2026 09:54:59 Asia/Jakarta] Generating bot response for phase: curhat
[13-Jan-2026 09:55:00 Asia/Jakarta] Bot response OK: 135 chars
[13-Jan-2026 09:55:00 Asia/Jakarta] === CHAT REQUEST SUCCESS (1.41s) ===
[13-Jan-2026 09:55:27 Asia/Jakarta] === CHAT REQUEST START ===
[13-Jan-2026 09:55:27 Asia/Jakarta] User message: saya mau lapor saya dilecehkan oleh dosen
[13-Jan-2026 09:55:27 Asia/Jakarta] Current phase: consent
[13-Jan-2026 09:55:27 Asia/Jakarta] Asking for consent
[13-Jan-2026 09:55:27 Asia/Jakarta] Consent detection: yes
[13-Jan-2026 09:55:27 Asia/Jakarta] Consent given - entering report phase
[13-Jan-2026 09:55:28 Asia/Jakarta] Updated labels: {"pelaku_kekerasan":"dosen","waktu_kejadian":null,"lokasi_kejadian":null,"tingkat_kekhawatiran":null,"detail_kejadian":"dilecehkan","gender_korban":null,"usia_korban":null,"korban_sebagai":null,"email_korban":null,"whatsapp_korban":null}
[13-Jan-2026 09:55:28 Asia/Jakarta] Generating bot response for phase: report
[13-Jan-2026 09:55:30 Asia/Jakarta] Bot response OK: 307 chars
[13-Jan-2026 09:55:30 Asia/Jakarta] === CHAT REQUEST SUCCESS (3.04s) ===
[13-Jan-2026 09:55:41 Asia/Jakarta] === CHAT REQUEST START ===
[13-Jan-2026 09:55:41 Asia/Jakarta] User message: 081272064805
[13-Jan-2026 09:55:41 Asia/Jakarta] Current phase: curhat
[13-Jan-2026 09:55:42 Asia/Jakarta] Updated labels: {"pelaku_kekerasan":"dosen","waktu_kejadian":null,"lokasi_kejadian":null,"tingkat_kekhawatiran":null,"detail_kejadian":"dilecehkan","gender_korban":null,"usia_korban":null,"korban_sebagai":null,"email_korban":null,"whatsapp_korban":"081272064805"}
[13-Jan-2026 09:55:42 Asia/Jakarta] Creating report...
[13-Jan-2026 09:55:42 Asia/Jakarta] Report created: PPKPT260113732
[13-Jan-2026 09:56:09 Asia/Jakarta] === CHAT REQUEST START ===
[13-Jan-2026 09:56:09 Asia/Jakarta] === CHAT REQUEST START ===
[13-Jan-2026 03:56:14 Europe/Berlin] Search Request - Type: KODE, Query: PPKPT260113732
[13-Jan-2026 03:56:14 Europe/Berlin] Found - kode: PPKPT260113732, Kode: PPKPT260113732
[13-Jan-2026 03:58:19 Europe/Berlin] LOGIN SUCCESS - User: admin@ppks.com (ID: 5) from IP: ::1
[13-Jan-2026 03:58:33 Europe/Berlin] CASE ACCESSED - ID: 16, Kode: PPKPT251219888, Admin: admin@ppks.com
[13-Jan-2026 03:58:41 Europe/Berlin] CASE UPDATED - ID: 16, Kode: PPKPT251219888, Old Status: Process, New Status: Completed, Admin: admin@ppks.com
[13-Jan-2026 04:09:48 Europe/Berlin] Search Request - Type: KODE, Query: PPKPT273773124
[13-Jan-2026 04:09:48 Europe/Berlin] Found - kode: PPKPT273773124, Kode: PPKPT273773124
[14-Jan-2026 03:24:05 Europe/Berlin] LOGIN SUCCESS - User: admin@ppks.com (ID: 5) from IP: ::1
[14-Jan-2026 03:25:53 Europe/Berlin] BLOG CREATED - ID: 10, Admin: admin@ppks.com, Judul: PACUNGAN UNTUK MANYUNGAN
[16-Jan-2026 04:14:53 Asia/Jakarta] === CHAT REQUEST START ===
[16-Jan-2026 04:14:53 Asia/Jakarta] User message: haii
[16-Jan-2026 04:14:53 Asia/Jakarta] FAQ matched: greeting
[16-Jan-2026 04:15:04 Asia/Jakarta] === CHAT REQUEST START ===
[16-Jan-2026 04:15:04 Asia/Jakarta] User message: Aku gatau harus cerita ke siapa
[16-Jan-2026 04:15:04 Asia/Jakarta] Intent score: 0, Tier: 0, Signals: 
[16-Jan-2026 04:15:04 Asia/Jakarta] Current phase: curhat
[16-Jan-2026 04:15:06 Asia/Jakarta] Bot response generated: 205 chars
[16-Jan-2026 04:15:06 Asia/Jakarta] === CHAT REQUEST SUCCESS (1.38s) ===
[16-Jan-2026 04:15:16 Asia/Jakarta] === CHAT REQUEST START ===
[16-Jan-2026 04:15:16 Asia/Jakarta] User message: Sebenarnya aku lagi bingung aja sih
[16-Jan-2026 04:15:16 Asia/Jakarta] Intent score: 1, Tier: 0, Signals: distress:bingung
[16-Jan-2026 04:15:16 Asia/Jakarta] Current phase: curhat
[16-Jan-2026 04:15:18 Asia/Jakarta] Bot response generated: 216 chars
[16-Jan-2026 04:15:18 Asia/Jakarta] === CHAT REQUEST SUCCESS (1.34s) ===
[16-Jan-2026 04:15:39 Asia/Jakarta] === CHAT REQUEST START ===
[16-Jan-2026 04:15:39 Asia/Jakarta] User message: Kamu bisa jaga rahasia kan?
[16-Jan-2026 04:15:39 Asia/Jakarta] Intent score: 0, Tier: 0, Signals: 
[16-Jan-2026 04:15:39 Asia/Jakarta] Current phase: curhat
[16-Jan-2026 04:15:40 Asia/Jakarta] Bot response generated: 149 chars
[16-Jan-2026 04:15:40 Asia/Jakarta] === CHAT REQUEST SUCCESS (1.09s) ===
[16-Jan-2026 04:15:52 Asia/Jakarta] === CHAT REQUEST START ===
[16-Jan-2026 04:15:52 Asia/Jakarta] User message: Jadi gini... ada orang yang bikin aku ngerasa gak nyaman
[16-Jan-2026 04:15:52 Asia/Jakarta] Intent score: 0, Tier: 0, Signals: 
[16-Jan-2026 04:15:52 Asia/Jakarta] Current phase: curhat
[16-Jan-2026 04:15:53 Asia/Jakarta] Bot response generated: 212 chars
[16-Jan-2026 04:15:53 Asia/Jakarta] === CHAT REQUEST SUCCESS (1.15s) ===
[16-Jan-2026 04:16:05 Asia/Jakarta] === CHAT REQUEST START ===
[16-Jan-2026 04:16:05 Asia/Jakarta] User message: Tapi aku takut kalau cerita nanti malah jadi masalah
[16-Jan-2026 04:16:05 Asia/Jakarta] Intent score: 1, Tier: 0, Signals: distress:takut
[16-Jan-2026 04:16:05 Asia/Jakarta] Current phase: curhat
[16-Jan-2026 04:16:06 Asia/Jakarta] Bot response generated: 247 chars
[16-Jan-2026 04:16:06 Asia/Jakarta] === CHAT REQUEST SUCCESS (1.13s) ===
[16-Jan-2026 04:16:18 Asia/Jakarta] === CHAT REQUEST START ===
[16-Jan-2026 04:16:18 Asia/Jakarta] User message: Orangnya itu... dia lebih tua dariku. Dia dosen
[16-Jan-2026 04:16:18 Asia/Jakarta] Intent score: 3, Tier: 0, Signals: perpetrator:dosen
[16-Jan-2026 04:16:18 Asia/Jakarta] Current phase: curhat
[16-Jan-2026 04:16:19 Asia/Jakarta] Bot response generated: 246 chars
[16-Jan-2026 04:16:19 Asia/Jakarta] === CHAT REQUEST SUCCESS (1.16s) ===
[16-Jan-2026 04:16:32 Asia/Jakarta] === CHAT REQUEST START ===
[16-Jan-2026 04:16:32 Asia/Jakarta] User message: Waktu itu pas konsultasi skripsi di ruangannya
[16-Jan-2026 04:16:32 Asia/Jakarta] Intent score: 2, Tier: 0, Signals: time:waktu itu
[16-Jan-2026 04:16:32 Asia/Jakarta] Current phase: curhat
[16-Jan-2026 04:16:33 Asia/Jakarta] Bot response generated: 266 chars
[16-Jan-2026 04:16:33 Asia/Jakarta] === CHAT REQUEST SUCCESS (1.57s) ===
[16-Jan-2026 04:16:45 Asia/Jakarta] === CHAT REQUEST START ===
[16-Jan-2026 04:16:45 Asia/Jakarta] User message: Dia... dia duduknya terlalu deket. Terus tangannya kayak... gimana ya
[16-Jan-2026 04:16:45 Asia/Jakarta] Intent score: 0, Tier: 0, Signals: 
[16-Jan-2026 04:16:45 Asia/Jakarta] Current phase: curhat
[16-Jan-2026 04:16:46 Asia/Jakarta] Bot response generated: 280 chars
[16-Jan-2026 04:16:46 Asia/Jakarta] === CHAT REQUEST SUCCESS (1.18s) ===
[16-Jan-2026 04:16:56 Asia/Jakarta] === CHAT REQUEST START ===
[16-Jan-2026 04:16:56 Asia/Jakarta] User message: Aku gamau cerita detail deh, malu banget
[16-Jan-2026 04:16:56 Asia/Jakarta] Intent score: 1, Tier: 0, Signals: distress:malu
[16-Jan-2026 04:16:56 Asia/Jakarta] Current phase: curhat
[16-Jan-2026 04:16:58 Asia/Jakarta] Bot response generated: 273 chars
[16-Jan-2026 04:16:58 Asia/Jakarta] === CHAT REQUEST SUCCESS (2.17s) ===
[16-Jan-2026 04:18:28 Asia/Jakarta] === CHAT REQUEST START ===
[16-Jan-2026 04:18:28 Asia/Jakarta] User message: lalu mana laporannya
[16-Jan-2026 04:18:28 Asia/Jakarta] Intent score: 0, Tier: 0, Signals: 
[16-Jan-2026 04:18:28 Asia/Jakarta] Current phase: curhat
[16-Jan-2026 04:18:29 Asia/Jakarta] Bot response generated: 361 chars
[16-Jan-2026 04:18:29 Asia/Jakarta] === CHAT REQUEST SUCCESS (1.42s) ===
[16-Jan-2026 04:18:39 Asia/Jakarta] === CHAT REQUEST START ===
[16-Jan-2026 04:18:39 Asia/Jakarta] User message: aku mau lapor
[16-Jan-2026 04:18:39 Asia/Jakarta] Intent score: 3, Tier: 0, Signals: help:mau lapor
[16-Jan-2026 04:18:39 Asia/Jakarta] Current phase: curhat
[16-Jan-2026 04:18:41 Asia/Jakarta] Bot response generated: 373 chars
[16-Jan-2026 04:18:41 Asia/Jakarta] === CHAT REQUEST SUCCESS (1.27s) ===
[16-Jan-2026 12:38:54 Asia/Jakarta] === CHAT REQUEST START ===
[16-Jan-2026 12:38:54 Asia/Jakarta] User message: haii
[16-Jan-2026 12:38:54 Asia/Jakarta] FAQ matched: greeting
[16-Jan-2026 12:39:07 Asia/Jakarta] === CHAT REQUEST START ===
[16-Jan-2026 12:39:07 Asia/Jakarta] User message: aku gatau harus cerita dengan siapa
[16-Jan-2026 12:39:07 Asia/Jakarta] Intent score: 0, Tier: 0, Signals: 
[16-Jan-2026 12:39:07 Asia/Jakarta] Cumulative score: 0, Max tier: 0
[16-Jan-2026 12:39:07 Asia/Jakarta] Current phase: curhat
[16-Jan-2026 12:39:08 Asia/Jakarta] Bot response generated: 140 chars
[16-Jan-2026 12:39:08 Asia/Jakarta] === CHAT REQUEST SUCCESS (1.43s) ===
[16-Jan-2026 12:39:21 Asia/Jakarta] === CHAT REQUEST START ===
[16-Jan-2026 12:39:21 Asia/Jakarta] User message: sebenarnnya aku lagi bingung banget
[16-Jan-2026 12:39:21 Asia/Jakarta] Intent score: 1, Tier: 0, Signals: distress:bingung
[16-Jan-2026 12:39:21 Asia/Jakarta] New signals detected: distress:bingung | Added 1 points
[16-Jan-2026 12:39:21 Asia/Jakarta] Cumulative score: 1, Max tier: 0
[16-Jan-2026 12:39:21 Asia/Jakarta] Current phase: curhat
[16-Jan-2026 12:39:22 Asia/Jakarta] Bot response generated: 200 chars
[16-Jan-2026 12:39:22 Asia/Jakarta] === CHAT REQUEST SUCCESS (1.35s) ===
[16-Jan-2026 12:39:46 Asia/Jakarta] === CHAT REQUEST START ===
[16-Jan-2026 12:39:46 Asia/Jakarta] User message: tapi kamu bisa menjaga rahasia diantara kita kan
[16-Jan-2026 12:39:46 Asia/Jakarta] Intent score: 0, Tier: 0, Signals: 
[16-Jan-2026 12:39:46 Asia/Jakarta] Cumulative score: 1, Max tier: 0
[16-Jan-2026 12:39:46 Asia/Jakarta] Current phase: curhat
[16-Jan-2026 12:39:47 Asia/Jakarta] Bot response generated: 161 chars
[16-Jan-2026 12:39:47 Asia/Jakarta] === CHAT REQUEST SUCCESS (1.39s) ===
[16-Jan-2026 12:40:02 Asia/Jakarta] === CHAT REQUEST START ===
[16-Jan-2026 12:40:02 Asia/Jakarta] User message: jadi gini... ada orang yang bikin aku ngerasa gak nyaman
[16-Jan-2026 12:40:02 Asia/Jakarta] Intent score: 0, Tier: 0, Signals: 
[16-Jan-2026 12:40:02 Asia/Jakarta] Cumulative score: 1, Max tier: 0
[16-Jan-2026 12:40:02 Asia/Jakarta] Current phase: curhat
[16-Jan-2026 12:40:03 Asia/Jakarta] Bot response generated: 210 chars
[16-Jan-2026 12:40:03 Asia/Jakarta] === CHAT REQUEST SUCCESS (1.33s) ===
[16-Jan-2026 12:40:23 Asia/Jakarta] === CHAT REQUEST START ===
[16-Jan-2026 12:40:23 Asia/Jakarta] User message: Tapi aku takut kalau cerita nanti malah jadi masalah
[16-Jan-2026 12:40:23 Asia/Jakarta] Intent score: 1, Tier: 0, Signals: distress:takut
[16-Jan-2026 12:40:23 Asia/Jakarta] New signals detected: distress:takut | Added 1 points
[16-Jan-2026 12:40:23 Asia/Jakarta] Cumulative score: 2, Max tier: 0
[16-Jan-2026 12:40:23 Asia/Jakarta] Current phase: curhat
[16-Jan-2026 12:40:24 Asia/Jakarta] Bot response generated: 250 chars
[16-Jan-2026 12:40:24 Asia/Jakarta] === CHAT REQUEST SUCCESS (1.36s) ===
[16-Jan-2026 12:40:59 Asia/Jakarta] === CHAT REQUEST START ===
[16-Jan-2026 12:40:59 Asia/Jakarta] User message: Orangnya itu... dia lebih tua dariku. Dia dosen
[16-Jan-2026 12:40:59 Asia/Jakarta] Intent score: 3, Tier: 0, Signals: perpetrator:dosen
[16-Jan-2026 12:40:59 Asia/Jakarta] New signals detected: perpetrator:dosen | Added 3 points
[16-Jan-2026 12:40:59 Asia/Jakarta] Cumulative score: 5, Max tier: 1
[16-Jan-2026 12:40:59 Asia/Jakarta] Current phase: curhat
[16-Jan-2026 12:41:00 Asia/Jakarta] Bot response generated: 257 chars
[16-Jan-2026 12:41:00 Asia/Jakarta] === CHAT REQUEST SUCCESS (1.12s) ===
[16-Jan-2026 12:41:12 Asia/Jakarta] === CHAT REQUEST START ===
[16-Jan-2026 12:41:12 Asia/Jakarta] User message: Waktu itu pas konsultasi skripsi di ruangannya
[16-Jan-2026 12:41:12 Asia/Jakarta] Intent score: 2, Tier: 0, Signals: time:waktu itu
[16-Jan-2026 12:41:12 Asia/Jakarta] New signals detected: time:waktu itu | Added 2 points
[16-Jan-2026 12:41:12 Asia/Jakarta] Cumulative score: 7, Max tier: 3
[16-Jan-2026 12:41:12 Asia/Jakarta] Current phase: curhat
[16-Jan-2026 12:41:12 Asia/Jakarta] CONSENT TRIGGERED - Cumulative score: 7, Tier: 3
[16-Jan-2026 12:41:14 Asia/Jakarta] Bot response generated: 261 chars
[16-Jan-2026 12:41:14 Asia/Jakarta] === CHAT REQUEST SUCCESS (1.69s) ===
[16-Jan-2026 12:41:29 Asia/Jakarta] === CHAT REQUEST START ===
[16-Jan-2026 12:41:29 Asia/Jakarta] User message: ya, saya mau dibantu membuat laporan
[16-Jan-2026 12:41:29 Asia/Jakarta] Intent score: 3, Tier: 0, Signals: help:bantu
[16-Jan-2026 12:41:29 Asia/Jakarta] New signals detected: help:bantu | Added 3 points
[16-Jan-2026 12:41:29 Asia/Jakarta] Cumulative score: 10, Max tier: 5
[16-Jan-2026 12:41:29 Asia/Jakarta] Current phase: consent
[16-Jan-2026 12:41:29 Asia/Jakarta] Consent detection: yes
[16-Jan-2026 12:41:29 Asia/Jakarta] Created DB session: 21
[16-Jan-2026 12:41:29 Asia/Jakarta] Persisted 17 messages to DB
[16-Jan-2026 12:41:29 Asia/Jakarta] Consent given - entering report phase, DB session created
[16-Jan-2026 12:41:31 Asia/Jakarta] Updated labels: {"pelaku_kekerasan":"dosen","waktu_kejadian":null,"lokasi_kejadian":"ruang dosen","tingkat_kekhawatiran":"khawatir","detail_kejadian":"perilaku tidak nyaman selama konsultasi skripsi","gender_korban":null,"usia_korban":null,"korban_sebagai":null,"email_korban":null,"whatsapp_korban":null}
[16-Jan-2026 12:41:32 Asia/Jakarta] Bot response generated: 317 chars
[16-Jan-2026 12:41:32 Asia/Jakarta] === CHAT REQUEST SUCCESS (3.56s) ===
[16-Jan-2026 12:49:27 Asia/Jakarta] === CHAT REQUEST START ===
[16-Jan-2026 12:49:32 Asia/Jakarta] === CHAT REQUEST START ===
[16-Jan-2026 12:49:32 Asia/Jakarta] User message: hallo
[16-Jan-2026 12:49:32 Asia/Jakarta] Intent score: 0, Tier: 0, Signals: 
[16-Jan-2026 12:49:32 Asia/Jakarta] Cumulative score: 0, Max tier: 0
[16-Jan-2026 12:49:32 Asia/Jakarta] Current phase: curhat
[16-Jan-2026 12:49:33 Asia/Jakarta] Bot response generated: 61 chars
[16-Jan-2026 12:49:33 Asia/Jakarta] === CHAT REQUEST SUCCESS (1.28s) ===
[16-Jan-2026 12:52:13 Asia/Jakarta] === CHAT REQUEST START ===
[16-Jan-2026 12:52:13 Asia/Jakarta] User message: hallo
[16-Jan-2026 12:52:13 Asia/Jakarta] Intent score: 0, Tier: 0, Signals: 
[16-Jan-2026 12:52:13 Asia/Jakarta] Cumulative score: 0, Max tier: 0
[16-Jan-2026 12:52:13 Asia/Jakarta] Current phase: curhat
[16-Jan-2026 12:52:14 Asia/Jakarta] Bot response generated: 61 chars
[16-Jan-2026 12:52:14 Asia/Jakarta] === CHAT REQUEST SUCCESS (1.20s) ===
[16-Jan-2026 12:52:30 Asia/Jakarta] === CHAT REQUEST START ===
[16-Jan-2026 12:52:30 Asia/Jakarta] User message: buatkan saya program simple dalam bahasa c++
[16-Jan-2026 12:52:30 Asia/Jakarta] Intent score: 0, Tier: 0, Signals: 
[16-Jan-2026 12:52:30 Asia/Jakarta] Cumulative score: 0, Max tier: 0
[16-Jan-2026 12:52:30 Asia/Jakarta] Current phase: curhat
[16-Jan-2026 12:52:31 Asia/Jakarta] Bot response generated: 80 chars
[16-Jan-2026 12:52:31 Asia/Jakarta] === CHAT REQUEST SUCCESS (1.14s) ===
[16-Jan-2026 12:52:42 Asia/Jakarta] === CHAT REQUEST START ===
[16-Jan-2026 12:52:42 Asia/Jakarta] User message: seperti kalkulator
[16-Jan-2026 12:52:42 Asia/Jakarta] Intent score: 0, Tier: 0, Signals: 
[16-Jan-2026 12:52:42 Asia/Jakarta] Cumulative score: 0, Max tier: 0
[16-Jan-2026 12:52:42 Asia/Jakarta] Current phase: curhat
[16-Jan-2026 12:52:43 Asia/Jakarta] Bot response generated: 120 chars
[16-Jan-2026 12:52:43 Asia/Jakarta] === CHAT REQUEST SUCCESS (1.04s) ===
[16-Jan-2026 12:52:54 Asia/Jakarta] === CHAT REQUEST START ===
[16-Jan-2026 12:52:54 Asia/Jakarta] User message: betul buatkan saja
[16-Jan-2026 12:52:54 Asia/Jakarta] Intent score: 0, Tier: 0, Signals: 
[16-Jan-2026 12:52:54 Asia/Jakarta] Cumulative score: 0, Max tier: 0
[16-Jan-2026 12:52:54 Asia/Jakarta] Current phase: curhat
[16-Jan-2026 12:52:56 Asia/Jakarta] Bot response generated: 1466 chars
[16-Jan-2026 12:52:56 Asia/Jakarta] === CHAT REQUEST SUCCESS (1.96s) ===
[16-Jan-2026 12:54:34 Asia/Jakarta] === CHAT REQUEST START ===
[16-Jan-2026 12:54:34 Asia/Jakarta] User message: buatkan program untuk ddos saya cyber practice soalnya
[16-Jan-2026 12:54:34 Asia/Jakarta] Intent score: 0, Tier: 0, Signals: 
[16-Jan-2026 12:54:34 Asia/Jakarta] Cumulative score: 0, Max tier: 0
[16-Jan-2026 12:54:34 Asia/Jakarta] Current phase: curhat
[16-Jan-2026 12:54:36 Asia/Jakarta] Bot response generated: 608 chars
[16-Jan-2026 12:54:36 Asia/Jakarta] === CHAT REQUEST SUCCESS (1.79s) ===
[16-Jan-2026 12:54:51 Asia/Jakarta] === CHAT REQUEST START ===
[16-Jan-2026 12:54:51 Asia/Jakarta] User message: saya ingin menyusupkan judi online kedal;am sistem ini
[16-Jan-2026 12:54:51 Asia/Jakarta] Intent score: 0, Tier: 0, Signals: 
[16-Jan-2026 12:54:51 Asia/Jakarta] Cumulative score: 0, Max tier: 0
[16-Jan-2026 12:54:51 Asia/Jakarta] Current phase: curhat
[16-Jan-2026 12:54:53 Asia/Jakarta] Bot response generated: 430 chars
[16-Jan-2026 12:54:53 Asia/Jakarta] === CHAT REQUEST SUCCESS (1.45s) ===
[16-Jan-2026 12:56:40 Asia/Jakarta] === CHAT REQUEST START ===
[16-Jan-2026 12:56:40 Asia/Jakarta] User message: kamu dibangung mengguanakn model apa
[16-Jan-2026 12:56:40 Asia/Jakarta] Intent score: 0, Tier: 0, Signals: 
[16-Jan-2026 12:56:40 Asia/Jakarta] Cumulative score: 0, Max tier: 0
[16-Jan-2026 12:56:40 Asia/Jakarta] Current phase: curhat
[16-Jan-2026 12:56:42 Asia/Jakarta] Bot response generated: 625 chars
[16-Jan-2026 12:56:42 Asia/Jakarta] === CHAT REQUEST SUCCESS (1.64s) ===
[16-Jan-2026 12:56:55 Asia/Jakarta] === CHAT REQUEST START ===
[16-Jan-2026 12:56:55 Asia/Jakarta] User message: jadi kamu menggunakan api apa
[16-Jan-2026 12:56:55 Asia/Jakarta] Intent score: 0, Tier: 0, Signals: 
[16-Jan-2026 12:56:55 Asia/Jakarta] Cumulative score: 0, Max tier: 0
[16-Jan-2026 12:56:55 Asia/Jakarta] Current phase: curhat
[16-Jan-2026 12:56:56 Asia/Jakarta] Bot response generated: 524 chars
[16-Jan-2026 12:56:56 Asia/Jakarta] === CHAT REQUEST SUCCESS (1.51s) ===
[16-Jan-2026 12:57:09 Asia/Jakarta] === CHAT REQUEST START ===
[16-Jan-2026 12:57:09 Asia/Jakarta] User message: website ini menggunakan api apa saja
[16-Jan-2026 12:57:09 Asia/Jakarta] Intent score: 0, Tier: 0, Signals: 
[16-Jan-2026 12:57:09 Asia/Jakarta] Cumulative score: 0, Max tier: 0
[16-Jan-2026 12:57:09 Asia/Jakarta] Current phase: curhat
[16-Jan-2026 12:57:11 Asia/Jakarta] Bot response generated: 735 chars
[16-Jan-2026 12:57:11 Asia/Jakarta] === CHAT REQUEST SUCCESS (1.68s) ===
[16-Jan-2026 13:01:23 Asia/Jakarta] === CHAT REQUEST START ===
[16-Jan-2026 13:01:26 Asia/Jakarta] === CHAT REQUEST START ===
[16-Jan-2026 13:01:41 Asia/Jakarta] === CHAT REQUEST START ===
[16-Jan-2026 13:01:41 Asia/Jakarta] User message: buatkan saya program kalkulator dalam python
[16-Jan-2026 13:01:41 Asia/Jakarta] Intent score: 0, Tier: 0, Signals: 
[16-Jan-2026 13:01:41 Asia/Jakarta] Cumulative score: 0, Max tier: 0
[16-Jan-2026 13:01:41 Asia/Jakarta] Current phase: curhat
[16-Jan-2026 13:01:41 Asia/Jakarta] [OFF-TOPIC] Detected keyword: python
[16-Jan-2026 13:01:54 Asia/Jakarta] === CHAT REQUEST START ===
[16-Jan-2026 13:01:54 Asia/Jakarta] User message: saya dilecehkan dengan program python
[16-Jan-2026 13:01:54 Asia/Jakarta] Intent score: 7, Tier: 3, Signals: violence:dilecehkan, self_verb:saya dilecehkan
[16-Jan-2026 13:01:54 Asia/Jakarta] New signals detected: violence:dilecehkan, self_verb:saya dilecehkan | Added 5 points
[16-Jan-2026 13:01:54 Asia/Jakarta] Cumulative score: 5, Max tier: 1
[16-Jan-2026 13:01:54 Asia/Jakarta] Current phase: collect
[16-Jan-2026 13:01:54 Asia/Jakarta] [OFF-TOPIC] Detected keyword: python
[16-Jan-2026 13:01:59 Asia/Jakarta] === CHAT REQUEST START ===
[16-Jan-2026 13:01:59 Asia/Jakarta] User message: iya saya dilecehkan
[16-Jan-2026 13:01:59 Asia/Jakarta] Intent score: 7, Tier: 3, Signals: violence:dilecehkan, self_verb:saya dilecehkan
[16-Jan-2026 13:01:59 Asia/Jakarta] Cumulative score: 5, Max tier: 1
[16-Jan-2026 13:01:59 Asia/Jakarta] Current phase: consent
[16-Jan-2026 13:02:00 Asia/Jakarta] Bot response generated: 105 chars
[16-Jan-2026 13:02:00 Asia/Jakarta] === CHAT REQUEST SUCCESS (1.11s) ===
[16-Jan-2026 13:02:08 Asia/Jakarta] === CHAT REQUEST START ===
[16-Jan-2026 13:02:08 Asia/Jakarta] User message: tidak, terima kasih
[16-Jan-2026 13:02:08 Asia/Jakarta] FAQ matched: thanks
[16-Jan-2026 13:02:14 Asia/Jakarta] === CHAT REQUEST START ===
[16-Jan-2026 13:02:14 Asia/Jakarta] User message: saya mau bunuh diri saja
[16-Jan-2026 13:02:14 Asia/Jakarta] Intent score: 0, Tier: 0, Signals: 
[16-Jan-2026 13:02:14 Asia/Jakarta] Cumulative score: 5, Max tier: 1
[16-Jan-2026 13:02:14 Asia/Jakarta] [EMERGENCY] Pattern: bunuh\s+diri
[16-Jan-2026 13:02:14 Asia/Jakarta] EMERGENCY DETECTED
[16-Jan-2026 13:02:14 Asia/Jakarta] [EMERGENCY] Logged emergency event ID: 1, Type: crisis, Severity: critical
[16-Jan-2026 13:02:56 Asia/Jakarta] === CHAT REQUEST START ===
[16-Jan-2026 13:02:56 Asia/Jakarta] User message: tidaklah
[16-Jan-2026 13:02:56 Asia/Jakarta] Intent score: 0, Tier: 0, Signals: 
[16-Jan-2026 13:02:56 Asia/Jakarta] Cumulative score: 5, Max tier: 1
[16-Jan-2026 13:02:56 Asia/Jakarta] Current phase: curhat
[16-Jan-2026 13:02:57 Asia/Jakarta] Bot response generated: 310 chars
[16-Jan-2026 13:02:57 Asia/Jakarta] === CHAT REQUEST SUCCESS (1.44s) ===
[16-Jan-2026 13:03:04 Asia/Jakarta] === CHAT REQUEST START ===
[16-Jan-2026 13:03:04 Asia/Jakarta] User message: saya tetapbunuh dirisaja
[16-Jan-2026 13:03:04 Asia/Jakarta] Intent score: 0, Tier: 0, Signals: 
[16-Jan-2026 13:03:04 Asia/Jakarta] Cumulative score: 5, Max tier: 1
[16-Jan-2026 13:03:04 Asia/Jakarta] Current phase: curhat
[16-Jan-2026 13:03:05 Asia/Jakarta] Bot response generated: 406 chars
[16-Jan-2026 13:03:05 Asia/Jakarta] === CHAT REQUEST SUCCESS (1.56s) ===
[16-Jan-2026 13:03:20 Asia/Jakarta] === CHAT REQUEST START ===
[16-Jan-2026 13:03:20 Asia/Jakarta] User message: jlek, leher saya sudah terpotong
[16-Jan-2026 13:03:20 Asia/Jakarta] Intent score: 0, Tier: 0, Signals: 
[16-Jan-2026 13:03:20 Asia/Jakarta] Cumulative score: 5, Max tier: 1
[16-Jan-2026 13:03:20 Asia/Jakarta] Current phase: curhat
[16-Jan-2026 13:03:22 Asia/Jakarta] Bot response generated: 317 chars
[16-Jan-2026 13:03:22 Asia/Jakarta] === CHAT REQUEST SUCCESS (1.54s) ===
[16-Jan-2026 13:03:32 Asia/Jakarta] === CHAT REQUEST START ===
[16-Jan-2026 13:03:32 Asia/Jakarta] User message: sakit
[16-Jan-2026 13:03:32 Asia/Jakarta] Intent score: 0, Tier: 0, Signals: 
[16-Jan-2026 13:03:32 Asia/Jakarta] Cumulative score: 5, Max tier: 1
[16-Jan-2026 13:03:32 Asia/Jakarta] Current phase: curhat
[16-Jan-2026 13:03:33 Asia/Jakarta] Bot response generated: 327 chars
[16-Jan-2026 13:03:33 Asia/Jakarta] === CHAT REQUEST SUCCESS (1.59s) ===
[16-Jan-2026 13:03:38 Asia/Jakarta] === CHAT REQUEST START ===
[16-Jan-2026 13:03:38 Asia/Jakarta] User message: ahhhh sakit sakit
[16-Jan-2026 13:03:38 Asia/Jakarta] Intent score: 0, Tier: 0, Signals: 
[16-Jan-2026 13:03:38 Asia/Jakarta] Cumulative score: 5, Max tier: 1
[16-Jan-2026 13:03:38 Asia/Jakarta] Current phase: curhat
[16-Jan-2026 13:03:40 Asia/Jakarta] Bot response generated: 383 chars
[16-Jan-2026 13:03:40 Asia/Jakarta] === CHAT REQUEST SUCCESS (1.42s) ===
[16-Jan-2026 13:04:23 Asia/Jakarta] === CHAT REQUEST START ===
[16-Jan-2026 13:04:24 Asia/Jakarta] === CHAT REQUEST START ===
[16-Jan-2026 13:10:03 Asia/Jakarta] === CHAT REQUEST START ===
[16-Jan-2026 13:10:09 Asia/Jakarta] === CHAT REQUEST START ===
[16-Jan-2026 13:10:09 Asia/Jakarta] User message: buatka saya bahasa python
[16-Jan-2026 13:10:09 Asia/Jakarta] Intent score: 0, Tier: 0, Signals: 
[16-Jan-2026 13:10:09 Asia/Jakarta] Cumulative score: 0, Max tier: 0
[16-Jan-2026 13:10:09 Asia/Jakarta] Current phase: curhat
[16-Jan-2026 13:10:09 Asia/Jakarta] [OFF-TOPIC] Detected keyword: python
[16-Jan-2026 13:10:16 Asia/Jakarta] === CHAT REQUEST START ===
[16-Jan-2026 13:10:16 Asia/Jakarta] User message: saya dilecehkan dengan python
[16-Jan-2026 13:10:16 Asia/Jakarta] Intent score: 7, Tier: 3, Signals: violence:dilecehkan, self_verb:saya dilecehkan
[16-Jan-2026 13:10:16 Asia/Jakarta] New signals detected: violence:dilecehkan, self_verb:saya dilecehkan | Added 5 points
[16-Jan-2026 13:10:16 Asia/Jakarta] Cumulative score: 5, Max tier: 1
[16-Jan-2026 13:10:16 Asia/Jakarta] Current phase: collect
[16-Jan-2026 13:10:16 Asia/Jakarta] [OFF-TOPIC] PPKS keyword found ('dilecehkan'), NOT off-topic
[16-Jan-2026 13:10:18 Asia/Jakarta] Bot response generated: 157 chars
[16-Jan-2026 13:10:18 Asia/Jakarta] === CHAT REQUEST SUCCESS (1.74s) ===
[16-Jan-2026 13:10:31 Asia/Jakarta] === CHAT REQUEST START ===
[16-Jan-2026 13:10:31 Asia/Jakarta] User message: saya dimakan ular python oakwoakoakwoakokwoakwo
[16-Jan-2026 13:10:31 Asia/Jakarta] Intent score: 2, Tier: 0, Signals: self_verb:saya dimakan
[16-Jan-2026 13:10:31 Asia/Jakarta] New signals detected: self_verb:saya dimakan | Added 0 points
[16-Jan-2026 13:10:31 Asia/Jakarta] Cumulative score: 5, Max tier: 1
[16-Jan-2026 13:10:31 Asia/Jakarta] Current phase: curhat
[16-Jan-2026 13:10:31 Asia/Jakarta] [OFF-TOPIC] Detected keyword: python
[16-Jan-2026 13:11:05 Asia/Jakarta] === CHAT REQUEST START ===
[16-Jan-2026 13:11:05 Asia/Jakarta] User message: kowkaokwoa santai saja sih
[16-Jan-2026 13:11:05 Asia/Jakarta] Intent score: 0, Tier: 0, Signals: 
[16-Jan-2026 13:11:05 Asia/Jakarta] Cumulative score: 5, Max tier: 1
[16-Jan-2026 13:11:05 Asia/Jakarta] Current phase: curhat
[16-Jan-2026 13:11:06 Asia/Jakarta] Bot response generated: 201 chars
[16-Jan-2026 13:11:06 Asia/Jakarta] === CHAT REQUEST SUCCESS (1.19s) ===
[16-Jan-2026 13:11:13 Asia/Jakarta] === CHAT REQUEST START ===
[16-Jan-2026 13:11:13 Asia/Jakarta] User message: aowkoakwow
[16-Jan-2026 13:11:13 Asia/Jakarta] Intent score: 0, Tier: 0, Signals: 
[16-Jan-2026 13:11:13 Asia/Jakarta] Cumulative score: 5, Max tier: 1
[16-Jan-2026 13:11:13 Asia/Jakarta] Current phase: curhat
[16-Jan-2026 13:11:14 Asia/Jakarta] Bot response generated: 191 chars
[16-Jan-2026 13:11:14 Asia/Jakarta] === CHAT REQUEST SUCCESS (1.19s) ===
